<?xml version="1.0" encoding="UTF-8"?>
<!-- Generated by org.testng.reporters.JUnitXMLReporter -->
<testsuite hostname="DESKTOP-KN642OP" ignored="0" name="Internet Herokuapp Test Cases" tests="3" failures="0" timestamp="12 Oct 2023 17:19:46 GMT" time="52.977" errors="0">
  <testcase name="verifyJSAlert" time="2.934" classname="com.qa.internetherokuapp.tests.HomePageTest"/>
  <testcase name="verifyJSConfirm" time="1.092" classname="com.qa.internetherokuapp.tests.HomePageTest"/>
  <testcase name="verifyJSPrompt" time="1.944" classname="com.qa.internetherokuapp.tests.HomePageTest"/>
</testsuite> <!-- Internet Herokuapp Test Cases -->
