<?xml version="1.0" encoding="UTF-8"?>
<!-- Generated by org.testng.reporters.JUnitXMLReporter -->
<testsuite hostname="DESKTOP-KN642OP" ignored="0" name="Default test" tests="3" failures="0" timestamp="12 Oct 2023 16:36:45 GMT" time="13.997" errors="0">
  <testcase name="verifyJSAlert" time="0.684" classname="com.qa.internetherokuapp.tests.HomePageTest"/>
  <testcase name="verifyJSConfirm" time="0.888" classname="com.qa.internetherokuapp.tests.HomePageTest"/>
  <testcase name="verifyJSPrompt" time="0.988" classname="com.qa.internetherokuapp.tests.HomePageTest"/>
</testsuite> <!-- Default test -->
